<?xml version="1.0" encoding="UTF-8"?>
<!-- Generated by org.testng.reporters.JUnitReportReporter -->
<testsuite hostname="192.168.1.210" failures="0" tests="1" name="org.joanmayAcademy.ios.tests.iOSBasics" time="5.884" errors="0" timestamp="2024-11-06T19:30:58 CST" skipped="0">
  <testcase classname="org.joanmayAcademy.ios.tests.iOSBasics" name="IOSBasicsTest" time="5.884"/>
</testsuite> <!-- org.joanmayAcademy.ios.tests.iOSBasics -->
