<?xml version="1.0" encoding="UTF-8"?>
<!-- Generated by org.testng.reporters.JUnitReportReporter -->
<testsuite hostname="192.168.1.210" failures="0" tests="2" name="org.joanmayAcademy.eCommerce_Tc_1" time="24.648" errors="0" timestamp="2024-11-06T19:30:58 CST" skipped="0">
  <testcase classname="org.joanmayAcademy.eCommerce_Tc_1" name="FillForm_HappyPathTest" time="13.506"/>
  <testcase classname="org.joanmayAcademy.eCommerce_Tc_1" name="FillForm_ErrorValidationTest" time="11.142"/>
</testsuite> <!-- org.joanmayAcademy.eCommerce_Tc_1 -->
